[0;36m[2025-05-13 02:59:23][0m Getting device serial number
[0;36m[2025-05-13 02:59:23][0m Device serial ends with: 8161
[0;36m[2025-05-13 02:59:23][0m Setting up remote directory and transferring existing logs
[0;32m[1m✓ Remote directory created using SSH key[0m
[0;36m[2025-05-13 02:59:24][0m Transferring existing log files to remote host
[0;36m[2025-05-13 02:59:24][0m Transferring /home/truffle/qa/scripts/logs/stage0_log.txt to truffle@truffle.local:/home/truffle/abd_work/truffle_QA/truffle-8161/stage0_log.txt
[0;32m[1m✓ File transferred successfully using SSH key[0m
[0;36m[2025-05-13 02:59:24][0m Transferring /home/truffle/qa/scripts/logs/stage1.log to truffle@truffle.local:/home/truffle/abd_work/truffle_QA/truffle-8161/stage1.log
[0;32m[1m✓ File transferred successfully using SSH key[0m

[0;36m[1m=== PHASE: LED Test ===[0m
[0;36m[2025-05-13 02:59:25][0m Testing all LED states
[0;36m[2025-05-13 02:59:25][0m Leds are showing all orb states
[0;36m[2025-05-13 02:59:35][0m Stopping LED process (PID: 5793)
[0;36m[2025-05-13 02:59:35][0m Running LED OFF command
[0;32m[1m✓ LED test completed[0m
[0;36m[1m=== DONE: LED Test ===[0m


[0;36m[1m=== PHASE: WiFi Hotspot Test ===[0m
[0;36m[2025-05-13 02:59:36][0m Starting LED White Program
[0;36m[2025-05-13 02:59:41][0m Stopping LED process (PID: 5890)
[0;36m[2025-05-13 02:59:41][0m Running LED OFF command
[0;36m[2025-05-13 02:59:44][0m Starting WiFi hotspot test
[0;36m[2025-05-13 02:59:44][0m Running hotspot test, logging to /home/truffle/qa/scripts/logs/stage2_hotspot_logs.txt
[0;32m[1m✓ Hotspot test completed successfully[0m
[0;36m[2025-05-13 03:00:32][0m Starting LED Green Program
[0;36m[2025-05-13 03:00:37][0m Stopping LED process (PID: 6621)
[0;36m[2025-05-13 03:00:37][0m Running LED OFF command
[0;36m[2025-05-13 03:00:41][0m Transferring hotspot log to remote
[0;36m[2025-05-13 03:00:41][0m Transferring /home/truffle/qa/scripts/logs/stage2_hotspot_logs.txt to truffle@truffle.local:/home/truffle/abd_work/truffle_QA/truffle-8161/stage2_hotspot_logs.txt
[0;36m[2025-05-13 03:00:46][0m SSH key transfer failed, trying with password...
[0;32m[1m✓ File transferred successfully using password[0m
[0;36m[1m=== DONE: WiFi Hotspot Test ===[0m


[0;36m[1m=== PHASE: NVME Health Check ===[0m
[0;36m[2025-05-13 03:00:50][0m Starting LED White Program
[0;36m[2025-05-13 03:00:55][0m Stopping LED process (PID: 6775)
[0;36m[2025-05-13 03:00:55][0m Running LED OFF command
[0;36m[2025-05-13 03:00:58][0m Starting NVME health check
[0;36m[2025-05-13 03:00:58][0m Running NVME health check, logging to /home/truffle/qa/scripts/logs/stage2_nvme.log
[0;31m[1m✗ NVME health check failed with exit code 1[0m
[0;36m[2025-05-13 03:00:58][0m Starting LED Red Program
[0;36m[2025-05-13 03:01:03][0m Stopping LED process (PID: 6869)
[0;36m[2025-05-13 03:01:03][0m Running LED OFF command
[0;36m[2025-05-13 03:01:07][0m Transferring NVME log to remote
[0;36m[2025-05-13 03:01:07][0m Transferring /home/truffle/qa/scripts/logs/stage2_nvme.log to truffle@truffle.local:/home/truffle/abd_work/truffle_QA/truffle-8161/stage2_nvme.log
[0;32m[1m✓ File transferred successfully using SSH key[0m
[0;36m[1m=== DONE: NVME Health Check ===[0m


[0;36m[1m=== PHASE: GPU/CPU burn ===[0m
[0;36m[2025-05-13 03:01:09][0m Starting LED White Program
[0;36m[2025-05-13 03:01:14][0m Stopping LED process (PID: 6965)
[0;36m[2025-05-13 03:01:14][0m Running LED OFF command
[0;36m[2025-05-13 03:01:17][0m Starting GPU/CPU burn test
[0;36m[2025-05-13 03:01:17][0m Running GPU/CPU burn test, logging to /home/truffle/qa/scripts/logs/stage2_burn.log
[0;31m[1m✗ GPU/CPU burn test failed with exit code 1[0m
[0;36m[2025-05-13 03:01:17][0m Starting LED Red Program
[0;36m[2025-05-13 03:01:22][0m Stopping LED process (PID: 7048)
[0;36m[2025-05-13 03:01:22][0m Running LED OFF command
[0;36m[2025-05-13 03:01:26][0m Transferring final GPU log and data to remote
[0;36m[2025-05-13 03:01:26][0m Transferring /home/truffle/qa/scripts/logs/stage2_burn.log to truffle@truffle.local:/home/truffle/abd_work/truffle_QA/truffle-8161/stage2_burn.log
[0;32m[1m✓ File transferred successfully using SSH key[0m
[0;36m[1m=== DONE: GPU/CPU burn ===[0m

[0;36m[2025-05-13 03:01:27][0m All tests completed
[0;32m[1m✓ Health check complete![0m
[0;36m[2025-05-13 03:01:27][0m Log saved to /root/truffle-8161_log/healthcheck_20250513_025923.log
[0;36m[2025-05-13 03:01:27][0m Transferring /root/healthcheck_20250513_025923.log to truffle@truffle.local:/home/truffle/abd_work/truffle_QA/truffle-8161/stage2_main_20250513_030127.log
